Traceback (most recent call last):
  File "/home/runner/work/irsa-tutorials/irsa-tutorials/.tox/py311-buildhtml/lib/python3.11/site-packages/jupyter_cache/executors/utils.py", line 58, in single_nb_execution
    executenb(
  File "/home/runner/work/irsa-tutorials/irsa-tutorials/.tox/py311-buildhtml/lib/python3.11/site-packages/nbclient/client.py", line 1314, in execute
    return NotebookClient(nb=nb, resources=resources, km=km, **kwargs).execute()
           ^^^^^^^^^^^^^^^^^^^^^^^^^^^^^^^^^^^^^^^^^^^^^^^^^^^^^^^^^^^^^^^^^^^^^
  File "/home/runner/work/irsa-tutorials/irsa-tutorials/.tox/py311-buildhtml/lib/python3.11/site-packages/jupyter_core/utils/__init__.py", line 165, in wrapped
    return loop.run_until_complete(inner)
           ^^^^^^^^^^^^^^^^^^^^^^^^^^^^^^
  File "/opt/hostedtoolcache/Python/3.11.9/x64/lib/python3.11/asyncio/base_events.py", line 654, in run_until_complete
    return future.result()
           ^^^^^^^^^^^^^^^
  File "/home/runner/work/irsa-tutorials/irsa-tutorials/.tox/py311-buildhtml/lib/python3.11/site-packages/nbclient/client.py", line 709, in async_execute
    await self.async_execute_cell(
  File "/home/runner/work/irsa-tutorials/irsa-tutorials/.tox/py311-buildhtml/lib/python3.11/site-packages/nbclient/client.py", line 1062, in async_execute_cell
    await self._check_raise_for_error(cell, cell_index, exec_reply)
  File "/home/runner/work/irsa-tutorials/irsa-tutorials/.tox/py311-buildhtml/lib/python3.11/site-packages/nbclient/client.py", line 918, in _check_raise_for_error
    raise CellExecutionError.from_cell_and_msg(cell, exec_reply_content)
nbclient.exceptions.CellExecutionError: An error occurred while executing the following cell:
------------------
# In order to use TAP with this ADQL string using pyvo, you can do the following:
result = service.search(adql)
result
------------------


[0;31m---------------------------------------------------------------------------[0m
[0;31mRemoteDisconnected[0m                        Traceback (most recent call last)
File [0;32m~/work/irsa-tutorials/irsa-tutorials/.tox/py311-buildhtml/lib/python3.11/site-packages/urllib3/connectionpool.py:789[0m, in [0;36mHTTPConnectionPool.urlopen[0;34m(self, method, url, body, headers, retries, redirect, assert_same_host, timeout, pool_timeout, release_conn, chunked, body_pos, preload_content, decode_content, **response_kw)[0m
[1;32m    788[0m [38;5;66;03m# Make the request on the HTTPConnection object[39;00m
[0;32m--> 789[0m response [38;5;241m=[39m [38;5;28;43mself[39;49m[38;5;241;43m.[39;49m[43m_make_request[49m[43m([49m
[1;32m    790[0m [43m    [49m[43mconn[49m[43m,[49m
[1;32m    791[0m [43m    [49m[43mmethod[49m[43m,[49m
[1;32m    792[0m [43m    [49m[43murl[49m[43m,[49m
[1;32m    793[0m [43m    [49m[43mtimeout[49m[38;5;241;43m=[39;49m[43mtimeout_obj[49m[43m,[49m
[1;32m    794[0m [43m    [49m[43mbody[49m[38;5;241;43m=[39;49m[43mbody[49m[43m,[49m
[1;32m    795[0m [43m    [49m[43mheaders[49m[38;5;241;43m=[39;49m[43mheaders[49m[43m,[49m
[1;32m    796[0m [43m    [49m[43mchunked[49m[38;5;241;43m=[39;49m[43mchunked[49m[43m,[49m
[1;32m    797[0m [43m    [49m[43mretries[49m[38;5;241;43m=[39;49m[43mretries[49m[43m,[49m
[1;32m    798[0m [43m    [49m[43mresponse_conn[49m[38;5;241;43m=[39;49m[43mresponse_conn[49m[43m,[49m
[1;32m    799[0m [43m    [49m[43mpreload_content[49m[38;5;241;43m=[39;49m[43mpreload_content[49m[43m,[49m
[1;32m    800[0m [43m    [49m[43mdecode_content[49m[38;5;241;43m=[39;49m[43mdecode_content[49m[43m,[49m
[1;32m    801[0m [43m    [49m[38;5;241;43m*[39;49m[38;5;241;43m*[39;49m[43mresponse_kw[49m[43m,[49m
[1;32m    802[0m [43m[49m[43m)[49m
[1;32m    804[0m [38;5;66;03m# Everything went great![39;00m

File [0;32m~/work/irsa-tutorials/irsa-tutorials/.tox/py311-buildhtml/lib/python3.11/site-packages/urllib3/connectionpool.py:536[0m, in [0;36mHTTPConnectionPool._make_request[0;34m(self, conn, method, url, body, headers, retries, timeout, chunked, response_conn, preload_content, decode_content, enforce_content_length)[0m
[1;32m    535[0m [38;5;28;01mtry[39;00m:
[0;32m--> 536[0m     response [38;5;241m=[39m [43mconn[49m[38;5;241;43m.[39;49m[43mgetresponse[49m[43m([49m[43m)[49m
[1;32m    537[0m [38;5;28;01mexcept[39;00m (BaseSSLError, [38;5;167;01mOSError[39;00m) [38;5;28;01mas[39;00m e:

File [0;32m~/work/irsa-tutorials/irsa-tutorials/.tox/py311-buildhtml/lib/python3.11/site-packages/urllib3/connection.py:464[0m, in [0;36mHTTPConnection.getresponse[0;34m(self)[0m
[1;32m    463[0m [38;5;66;03m# Get the response from http.client.HTTPConnection[39;00m
[0;32m--> 464[0m httplib_response [38;5;241m=[39m [38;5;28;43msuper[39;49m[43m([49m[43m)[49m[38;5;241;43m.[39;49m[43mgetresponse[49m[43m([49m[43m)[49m
[1;32m    466[0m [38;5;28;01mtry[39;00m:

File [0;32m/opt/hostedtoolcache/Python/3.11.9/x64/lib/python3.11/http/client.py:1395[0m, in [0;36mHTTPConnection.getresponse[0;34m(self)[0m
[1;32m   1394[0m [38;5;28;01mtry[39;00m:
[0;32m-> 1395[0m     [43mresponse[49m[38;5;241;43m.[39;49m[43mbegin[49m[43m([49m[43m)[49m
[1;32m   1396[0m [38;5;28;01mexcept[39;00m [38;5;167;01mConnectionError[39;00m:

File [0;32m/opt/hostedtoolcache/Python/3.11.9/x64/lib/python3.11/http/client.py:325[0m, in [0;36mHTTPResponse.begin[0;34m(self)[0m
[1;32m    324[0m [38;5;28;01mwhile[39;00m [38;5;28;01mTrue[39;00m:
[0;32m--> 325[0m     version, status, reason [38;5;241m=[39m [38;5;28;43mself[39;49m[38;5;241;43m.[39;49m[43m_read_status[49m[43m([49m[43m)[49m
[1;32m    326[0m     [38;5;28;01mif[39;00m status [38;5;241m!=[39m CONTINUE:

File [0;32m/opt/hostedtoolcache/Python/3.11.9/x64/lib/python3.11/http/client.py:294[0m, in [0;36mHTTPResponse._read_status[0;34m(self)[0m
[1;32m    291[0m [38;5;28;01mif[39;00m [38;5;129;01mnot[39;00m line:
[1;32m    292[0m     [38;5;66;03m# Presumably, the server closed the connection before[39;00m
[1;32m    293[0m     [38;5;66;03m# sending a valid response.[39;00m
[0;32m--> 294[0m     [38;5;28;01mraise[39;00m RemoteDisconnected([38;5;124m"[39m[38;5;124mRemote end closed connection without[39m[38;5;124m"[39m
[1;32m    295[0m                              [38;5;124m"[39m[38;5;124m response[39m[38;5;124m"[39m)
[1;32m    296[0m [38;5;28;01mtry[39;00m:

[0;31mRemoteDisconnected[0m: Remote end closed connection without response

During handling of the above exception, another exception occurred:

[0;31mProtocolError[0m                             Traceback (most recent call last)
File [0;32m~/work/irsa-tutorials/irsa-tutorials/.tox/py311-buildhtml/lib/python3.11/site-packages/requests/adapters.py:667[0m, in [0;36mHTTPAdapter.send[0;34m(self, request, stream, timeout, verify, cert, proxies)[0m
[1;32m    666[0m [38;5;28;01mtry[39;00m:
[0;32m--> 667[0m     resp [38;5;241m=[39m [43mconn[49m[38;5;241;43m.[39;49m[43murlopen[49m[43m([49m
[1;32m    668[0m [43m        [49m[43mmethod[49m[38;5;241;43m=[39;49m[43mrequest[49m[38;5;241;43m.[39;49m[43mmethod[49m[43m,[49m
[1;32m    669[0m [43m        [49m[43murl[49m[38;5;241;43m=[39;49m[43murl[49m[43m,[49m
[1;32m    670[0m [43m        [49m[43mbody[49m[38;5;241;43m=[39;49m[43mrequest[49m[38;5;241;43m.[39;49m[43mbody[49m[43m,[49m
[1;32m    671[0m [43m        [49m[43mheaders[49m[38;5;241;43m=[39;49m[43mrequest[49m[38;5;241;43m.[39;49m[43mheaders[49m[43m,[49m
[1;32m    672[0m [43m        [49m[43mredirect[49m[38;5;241;43m=[39;49m[38;5;28;43;01mFalse[39;49;00m[43m,[49m
[1;32m    673[0m [43m        [49m[43massert_same_host[49m[38;5;241;43m=[39;49m[38;5;28;43;01mFalse[39;49;00m[43m,[49m
[1;32m    674[0m [43m        [49m[43mpreload_content[49m[38;5;241;43m=[39;49m[38;5;28;43;01mFalse[39;49;00m[43m,[49m
[1;32m    675[0m [43m        [49m[43mdecode_content[49m[38;5;241;43m=[39;49m[38;5;28;43;01mFalse[39;49;00m[43m,[49m
[1;32m    676[0m [43m        [49m[43mretries[49m[38;5;241;43m=[39;49m[38;5;28;43mself[39;49m[38;5;241;43m.[39;49m[43mmax_retries[49m[43m,[49m
[1;32m    677[0m [43m        [49m[43mtimeout[49m[38;5;241;43m=[39;49m[43mtimeout[49m[43m,[49m
[1;32m    678[0m [43m        [49m[43mchunked[49m[38;5;241;43m=[39;49m[43mchunked[49m[43m,[49m
[1;32m    679[0m [43m    [49m[43m)[49m
[1;32m    681[0m [38;5;28;01mexcept[39;00m (ProtocolError, [38;5;167;01mOSError[39;00m) [38;5;28;01mas[39;00m err:

File [0;32m~/work/irsa-tutorials/irsa-tutorials/.tox/py311-buildhtml/lib/python3.11/site-packages/urllib3/connectionpool.py:843[0m, in [0;36mHTTPConnectionPool.urlopen[0;34m(self, method, url, body, headers, retries, redirect, assert_same_host, timeout, pool_timeout, release_conn, chunked, body_pos, preload_content, decode_content, **response_kw)[0m
[1;32m    841[0m     new_e [38;5;241m=[39m ProtocolError([38;5;124m"[39m[38;5;124mConnection aborted.[39m[38;5;124m"[39m, new_e)
[0;32m--> 843[0m retries [38;5;241m=[39m [43mretries[49m[38;5;241;43m.[39;49m[43mincrement[49m[43m([49m
[1;32m    844[0m [43m    [49m[43mmethod[49m[43m,[49m[43m [49m[43murl[49m[43m,[49m[43m [49m[43merror[49m[38;5;241;43m=[39;49m[43mnew_e[49m[43m,[49m[43m [49m[43m_pool[49m[38;5;241;43m=[39;49m[38;5;28;43mself[39;49m[43m,[49m[43m [49m[43m_stacktrace[49m[38;5;241;43m=[39;49m[43msys[49m[38;5;241;43m.[39;49m[43mexc_info[49m[43m([49m[43m)[49m[43m[[49m[38;5;241;43m2[39;49m[43m][49m
[1;32m    845[0m [43m[49m[43m)[49m
[1;32m    846[0m retries[38;5;241m.[39msleep()

File [0;32m~/work/irsa-tutorials/irsa-tutorials/.tox/py311-buildhtml/lib/python3.11/site-packages/urllib3/util/retry.py:474[0m, in [0;36mRetry.increment[0;34m(self, method, url, response, error, _pool, _stacktrace)[0m
[1;32m    473[0m [38;5;28;01mif[39;00m read [38;5;129;01mis[39;00m [38;5;28;01mFalse[39;00m [38;5;129;01mor[39;00m method [38;5;129;01mis[39;00m [38;5;28;01mNone[39;00m [38;5;129;01mor[39;00m [38;5;129;01mnot[39;00m [38;5;28mself[39m[38;5;241m.[39m_is_method_retryable(method):
[0;32m--> 474[0m     [38;5;28;01mraise[39;00m [43mreraise[49m[43m([49m[38;5;28;43mtype[39;49m[43m([49m[43merror[49m[43m)[49m[43m,[49m[43m [49m[43merror[49m[43m,[49m[43m [49m[43m_stacktrace[49m[43m)[49m
[1;32m    475[0m [38;5;28;01melif[39;00m read [38;5;129;01mis[39;00m [38;5;129;01mnot[39;00m [38;5;28;01mNone[39;00m:

File [0;32m~/work/irsa-tutorials/irsa-tutorials/.tox/py311-buildhtml/lib/python3.11/site-packages/urllib3/util/util.py:38[0m, in [0;36mreraise[0;34m(tp, value, tb)[0m
[1;32m     37[0m [38;5;28;01mif[39;00m value[38;5;241m.[39m__traceback__ [38;5;129;01mis[39;00m [38;5;129;01mnot[39;00m tb:
[0;32m---> 38[0m     [38;5;28;01mraise[39;00m value[38;5;241m.[39mwith_traceback(tb)
[1;32m     39[0m [38;5;28;01mraise[39;00m value

File [0;32m~/work/irsa-tutorials/irsa-tutorials/.tox/py311-buildhtml/lib/python3.11/site-packages/urllib3/connectionpool.py:789[0m, in [0;36mHTTPConnectionPool.urlopen[0;34m(self, method, url, body, headers, retries, redirect, assert_same_host, timeout, pool_timeout, release_conn, chunked, body_pos, preload_content, decode_content, **response_kw)[0m
[1;32m    788[0m [38;5;66;03m# Make the request on the HTTPConnection object[39;00m
[0;32m--> 789[0m response [38;5;241m=[39m [38;5;28;43mself[39;49m[38;5;241;43m.[39;49m[43m_make_request[49m[43m([49m
[1;32m    790[0m [43m    [49m[43mconn[49m[43m,[49m
[1;32m    791[0m [43m    [49m[43mmethod[49m[43m,[49m
[1;32m    792[0m [43m    [49m[43murl[49m[43m,[49m
[1;32m    793[0m [43m    [49m[43mtimeout[49m[38;5;241;43m=[39;49m[43mtimeout_obj[49m[43m,[49m
[1;32m    794[0m [43m    [49m[43mbody[49m[38;5;241;43m=[39;49m[43mbody[49m[43m,[49m
[1;32m    795[0m [43m    [49m[43mheaders[49m[38;5;241;43m=[39;49m[43mheaders[49m[43m,[49m
[1;32m    796[0m [43m    [49m[43mchunked[49m[38;5;241;43m=[39;49m[43mchunked[49m[43m,[49m
[1;32m    797[0m [43m    [49m[43mretries[49m[38;5;241;43m=[39;49m[43mretries[49m[43m,[49m
[1;32m    798[0m [43m    [49m[43mresponse_conn[49m[38;5;241;43m=[39;49m[43mresponse_conn[49m[43m,[49m
[1;32m    799[0m [43m    [49m[43mpreload_content[49m[38;5;241;43m=[39;49m[43mpreload_content[49m[43m,[49m
[1;32m    800[0m [43m    [49m[43mdecode_content[49m[38;5;241;43m=[39;49m[43mdecode_content[49m[43m,[49m
[1;32m    801[0m [43m    [49m[38;5;241;43m*[39;49m[38;5;241;43m*[39;49m[43mresponse_kw[49m[43m,[49m
[1;32m    802[0m [43m[49m[43m)[49m
[1;32m    804[0m [38;5;66;03m# Everything went great![39;00m

File [0;32m~/work/irsa-tutorials/irsa-tutorials/.tox/py311-buildhtml/lib/python3.11/site-packages/urllib3/connectionpool.py:536[0m, in [0;36mHTTPConnectionPool._make_request[0;34m(self, conn, method, url, body, headers, retries, timeout, chunked, response_conn, preload_content, decode_content, enforce_content_length)[0m
[1;32m    535[0m [38;5;28;01mtry[39;00m:
[0;32m--> 536[0m     response [38;5;241m=[39m [43mconn[49m[38;5;241;43m.[39;49m[43mgetresponse[49m[43m([49m[43m)[49m
[1;32m    537[0m [38;5;28;01mexcept[39;00m (BaseSSLError, [38;5;167;01mOSError[39;00m) [38;5;28;01mas[39;00m e:

File [0;32m~/work/irsa-tutorials/irsa-tutorials/.tox/py311-buildhtml/lib/python3.11/site-packages/urllib3/connection.py:464[0m, in [0;36mHTTPConnection.getresponse[0;34m(self)[0m
[1;32m    463[0m [38;5;66;03m# Get the response from http.client.HTTPConnection[39;00m
[0;32m--> 464[0m httplib_response [38;5;241m=[39m [38;5;28;43msuper[39;49m[43m([49m[43m)[49m[38;5;241;43m.[39;49m[43mgetresponse[49m[43m([49m[43m)[49m
[1;32m    466[0m [38;5;28;01mtry[39;00m:

File [0;32m/opt/hostedtoolcache/Python/3.11.9/x64/lib/python3.11/http/client.py:1395[0m, in [0;36mHTTPConnection.getresponse[0;34m(self)[0m
[1;32m   1394[0m [38;5;28;01mtry[39;00m:
[0;32m-> 1395[0m     [43mresponse[49m[38;5;241;43m.[39;49m[43mbegin[49m[43m([49m[43m)[49m
[1;32m   1396[0m [38;5;28;01mexcept[39;00m [38;5;167;01mConnectionError[39;00m:

File [0;32m/opt/hostedtoolcache/Python/3.11.9/x64/lib/python3.11/http/client.py:325[0m, in [0;36mHTTPResponse.begin[0;34m(self)[0m
[1;32m    324[0m [38;5;28;01mwhile[39;00m [38;5;28;01mTrue[39;00m:
[0;32m--> 325[0m     version, status, reason [38;5;241m=[39m [38;5;28;43mself[39;49m[38;5;241;43m.[39;49m[43m_read_status[49m[43m([49m[43m)[49m
[1;32m    326[0m     [38;5;28;01mif[39;00m status [38;5;241m!=[39m CONTINUE:

File [0;32m/opt/hostedtoolcache/Python/3.11.9/x64/lib/python3.11/http/client.py:294[0m, in [0;36mHTTPResponse._read_status[0;34m(self)[0m
[1;32m    291[0m [38;5;28;01mif[39;00m [38;5;129;01mnot[39;00m line:
[1;32m    292[0m     [38;5;66;03m# Presumably, the server closed the connection before[39;00m
[1;32m    293[0m     [38;5;66;03m# sending a valid response.[39;00m
[0;32m--> 294[0m     [38;5;28;01mraise[39;00m RemoteDisconnected([38;5;124m"[39m[38;5;124mRemote end closed connection without[39m[38;5;124m"[39m
[1;32m    295[0m                              [38;5;124m"[39m[38;5;124m response[39m[38;5;124m"[39m)
[1;32m    296[0m [38;5;28;01mtry[39;00m:

[0;31mProtocolError[0m: ('Connection aborted.', RemoteDisconnected('Remote end closed connection without response'))

During handling of the above exception, another exception occurred:

[0;31mConnectionError[0m                           Traceback (most recent call last)
File [0;32m~/work/irsa-tutorials/irsa-tutorials/.tox/py311-buildhtml/lib/python3.11/site-packages/pyvo/dal/query.py:244[0m, in [0;36mDALQuery.execute_votable[0;34m(self, post)[0m
[1;32m    243[0m [38;5;28;01mtry[39;00m:
[0;32m--> 244[0m     [38;5;28;01mreturn[39;00m votableparse([38;5;28;43mself[39;49m[38;5;241;43m.[39;49m[43mexecute_stream[49m[43m([49m[43mpost[49m[38;5;241;43m=[39;49m[43mpost[49m[43m)[49m[38;5;241m.[39mread)
[1;32m    245[0m [38;5;28;01mexcept[39;00m [38;5;167;01mException[39;00m [38;5;28;01mas[39;00m e:

File [0;32m~/work/irsa-tutorials/irsa-tutorials/.tox/py311-buildhtml/lib/python3.11/site-packages/pyvo/dal/tap.py:1101[0m, in [0;36mTAPQuery.execute_stream[0;34m(self, post)[0m
[1;32m   1098[0m     [38;5;28;01mraise[39;00m DALServiceError(
[1;32m   1099[0m         [38;5;124m"[39m[38;5;124mCannot execute a non-synchronous query. Use submit instead[39m[38;5;124m"[39m)
[0;32m-> 1101[0m [38;5;28;01mreturn[39;00m [38;5;28;43msuper[39;49m[43m([49m[43m)[49m[38;5;241;43m.[39;49m[43mexecute_stream[49m[43m([49m[43mpost[49m[38;5;241;43m=[39;49m[43mpost[49m[43m)[49m

File [0;32m~/work/irsa-tutorials/irsa-tutorials/.tox/py311-buildhtml/lib/python3.11/site-packages/pyvo/utils/decorators.py:9[0m, in [0;36mstream_decode_content.<locals>.wrapper[0;34m(*args, **kwargs)[0m
[1;32m      7[0m [38;5;129m@wraps[39m(func)
[1;32m      8[0m [38;5;28;01mdef[39;00m [38;5;21mwrapper[39m([38;5;241m*[39margs, [38;5;241m*[39m[38;5;241m*[39mkwargs):
[0;32m----> 9[0m     raw [38;5;241m=[39m [43mfunc[49m[43m([49m[38;5;241;43m*[39;49m[43margs[49m[43m,[49m[43m [49m[38;5;241;43m*[39;49m[38;5;241;43m*[39;49m[43mkwargs[49m[43m)[49m
[1;32m     10[0m     raw[38;5;241m.[39mread [38;5;241m=[39m partial(raw[38;5;241m.[39mread, decode_content[38;5;241m=[39m[38;5;28;01mTrue[39;00m)

File [0;32m~/work/irsa-tutorials/irsa-tutorials/.tox/py311-buildhtml/lib/python3.11/site-packages/pyvo/dal/query.py:193[0m, in [0;36mDALQuery.execute_stream[0;34m(self, post)[0m
[1;32m    187[0m [38;5;250m[39m[38;5;124;03m"""[39;00m
[1;32m    188[0m [38;5;124;03mSubmit the query and return the raw response as a file stream.[39;00m
[1;32m    189[0m 
[1;32m    190[0m [38;5;124;03mNo exceptions are raised here because non-2xx responses might still[39;00m
[1;32m    191[0m [38;5;124;03mcontain payload. They can be raised later by calling ``raise_if_error``[39;00m
[1;32m    192[0m [38;5;124;03m"""[39;00m
[0;32m--> 193[0m response [38;5;241m=[39m [38;5;28;43mself[39;49m[38;5;241;43m.[39;49m[43msubmit[49m[43m([49m[43mpost[49m[38;5;241;43m=[39;49m[43mpost[49m[43m)[49m
[1;32m    195[0m [38;5;28;01mtry[39;00m:

File [0;32m~/work/irsa-tutorials/irsa-tutorials/.tox/py311-buildhtml/lib/python3.11/site-packages/pyvo/dal/tap.py:1134[0m, in [0;36mTAPQuery.submit[0;34m(self, post)[0m
[1;32m   1128[0m files [38;5;241m=[39m {
[1;32m   1129[0m     upload[38;5;241m.[39mname: upload[38;5;241m.[39mfileobj()
[1;32m   1130[0m     [38;5;28;01mfor[39;00m upload [38;5;129;01min[39;00m [38;5;28mself[39m[38;5;241m.[39m_uploads
[1;32m   1131[0m     [38;5;28;01mif[39;00m upload[38;5;241m.[39mis_inline
[1;32m   1132[0m }
[0;32m-> 1134[0m response [38;5;241m=[39m [38;5;28;43mself[39;49m[38;5;241;43m.[39;49m[43m_session[49m[38;5;241;43m.[39;49m[43mpost[49m[43m([49m
[1;32m   1135[0m [43m    [49m[43murl[49m[43m,[49m[43m [49m[43mdata[49m[38;5;241;43m=[39;49m[38;5;28;43mself[39;49m[43m,[49m[43m [49m[43mstream[49m[38;5;241;43m=[39;49m[38;5;28;43;01mTrue[39;49;00m[43m,[49m[43m [49m[43mfiles[49m[38;5;241;43m=[39;49m[43mfiles[49m[43m)[49m
[1;32m   1136[0m [38;5;66;03m# requests doesn't decode the content by default[39;00m

File [0;32m~/work/irsa-tutorials/irsa-tutorials/.tox/py311-buildhtml/lib/python3.11/site-packages/requests/sessions.py:637[0m, in [0;36mSession.post[0;34m(self, url, data, json, **kwargs)[0m
[1;32m    627[0m [38;5;250m[39m[38;5;124mr[39m[38;5;124;03m"""Sends a POST request. Returns :class:`Response` object.[39;00m
[1;32m    628[0m 
[1;32m    629[0m [38;5;124;03m:param url: URL for the new :class:`Request` object.[39;00m
[0;32m   (...)[0m
[1;32m    634[0m [38;5;124;03m:rtype: requests.Response[39;00m
[1;32m    635[0m [38;5;124;03m"""[39;00m
[0;32m--> 637[0m [38;5;28;01mreturn[39;00m [38;5;28;43mself[39;49m[38;5;241;43m.[39;49m[43mrequest[49m[43m([49m[38;5;124;43m"[39;49m[38;5;124;43mPOST[39;49m[38;5;124;43m"[39;49m[43m,[49m[43m [49m[43murl[49m[43m,[49m[43m [49m[43mdata[49m[38;5;241;43m=[39;49m[43mdata[49m[43m,[49m[43m [49m[43mjson[49m[38;5;241;43m=[39;49m[43mjson[49m[43m,[49m[43m [49m[38;5;241;43m*[39;49m[38;5;241;43m*[39;49m[43mkwargs[49m[43m)[49m

File [0;32m~/work/irsa-tutorials/irsa-tutorials/.tox/py311-buildhtml/lib/python3.11/site-packages/requests/sessions.py:589[0m, in [0;36mSession.request[0;34m(self, method, url, params, data, headers, cookies, files, auth, timeout, allow_redirects, proxies, hooks, stream, verify, cert, json)[0m
[1;32m    588[0m send_kwargs[38;5;241m.[39mupdate(settings)
[0;32m--> 589[0m resp [38;5;241m=[39m [38;5;28;43mself[39;49m[38;5;241;43m.[39;49m[43msend[49m[43m([49m[43mprep[49m[43m,[49m[43m [49m[38;5;241;43m*[39;49m[38;5;241;43m*[39;49m[43msend_kwargs[49m[43m)[49m
[1;32m    591[0m [38;5;28;01mreturn[39;00m resp

File [0;32m~/work/irsa-tutorials/irsa-tutorials/.tox/py311-buildhtml/lib/python3.11/site-packages/requests/sessions.py:703[0m, in [0;36mSession.send[0;34m(self, request, **kwargs)[0m
[1;32m    702[0m [38;5;66;03m# Send the request[39;00m
[0;32m--> 703[0m r [38;5;241m=[39m [43madapter[49m[38;5;241;43m.[39;49m[43msend[49m[43m([49m[43mrequest[49m[43m,[49m[43m [49m[38;5;241;43m*[39;49m[38;5;241;43m*[39;49m[43mkwargs[49m[43m)[49m
[1;32m    705[0m [38;5;66;03m# Total elapsed time of the request (approximately)[39;00m

File [0;32m~/work/irsa-tutorials/irsa-tutorials/.tox/py311-buildhtml/lib/python3.11/site-packages/requests/adapters.py:682[0m, in [0;36mHTTPAdapter.send[0;34m(self, request, stream, timeout, verify, cert, proxies)[0m
[1;32m    681[0m [38;5;28;01mexcept[39;00m (ProtocolError, [38;5;167;01mOSError[39;00m) [38;5;28;01mas[39;00m err:
[0;32m--> 682[0m     [38;5;28;01mraise[39;00m [38;5;167;01mConnectionError[39;00m(err, request[38;5;241m=[39mrequest)
[1;32m    684[0m [38;5;28;01mexcept[39;00m MaxRetryError [38;5;28;01mas[39;00m e:

[0;31mConnectionError[0m: ('Connection aborted.', RemoteDisconnected('Remote end closed connection without response'))

During handling of the above exception, another exception occurred:

[0;31mDALFormatError[0m                            Traceback (most recent call last)
Cell [0;32mIn[6], line 2[0m
[1;32m      1[0m [38;5;66;03m# In order to use TAP with this ADQL string using pyvo, you can do the following:[39;00m
[0;32m----> 2[0m result [38;5;241m=[39m [43mservice[49m[38;5;241;43m.[39;49m[43msearch[49m[43m([49m[43madql[49m[43m)[49m
[1;32m      3[0m result

File [0;32m~/work/irsa-tutorials/irsa-tutorials/.tox/py311-buildhtml/lib/python3.11/site-packages/pyvo/dal/tap.py:278[0m, in [0;36mTAPService.run_sync[0;34m(self, query, language, maxrec, uploads, **keywords)[0m
[1;32m    249[0m [38;5;28;01mdef[39;00m [38;5;21mrun_sync[39m(
[1;32m    250[0m         [38;5;28mself[39m, query, language[38;5;241m=[39m[38;5;124m"[39m[38;5;124mADQL[39m[38;5;124m"[39m, maxrec[38;5;241m=[39m[38;5;28;01mNone[39;00m, uploads[38;5;241m=[39m[38;5;28;01mNone[39;00m,
[1;32m    251[0m         [38;5;241m*[39m[38;5;241m*[39mkeywords):
[1;32m    252[0m [38;5;250m    [39m[38;5;124;03m"""[39;00m
[1;32m    253[0m [38;5;124;03m    runs sync query and returns its result[39;00m
[1;32m    254[0m 
[0;32m   (...)[0m
[1;32m    274[0m [38;5;124;03m    TAPResults[39;00m
[1;32m    275[0m [38;5;124;03m    """[39;00m
[1;32m    276[0m     [38;5;28;01mreturn[39;00m [38;5;28;43mself[39;49m[38;5;241;43m.[39;49m[43mcreate_query[49m[43m([49m
[1;32m    277[0m [43m        [49m[43mquery[49m[43m,[49m[43m [49m[43mlanguage[49m[38;5;241;43m=[39;49m[43mlanguage[49m[43m,[49m[43m [49m[43mmaxrec[49m[38;5;241;43m=[39;49m[43mmaxrec[49m[43m,[49m[43m [49m[43muploads[49m[38;5;241;43m=[39;49m[43muploads[49m[43m,[49m
[0;32m--> 278[0m [43m        [49m[38;5;241;43m*[39;49m[38;5;241;43m*[39;49m[43mkeywords[49m[43m)[49m[38;5;241;43m.[39;49m[43mexecute[49m[43m([49m[43m)[49m

File [0;32m~/work/irsa-tutorials/irsa-tutorials/.tox/py311-buildhtml/lib/python3.11/site-packages/pyvo/dal/tap.py:1117[0m, in [0;36mTAPQuery.execute[0;34m(self)[0m
[1;32m   1103[0m [38;5;28;01mdef[39;00m [38;5;21mexecute[39m([38;5;28mself[39m):
[1;32m   1104[0m [38;5;250m    [39m[38;5;124;03m"""[39;00m
[1;32m   1105[0m [38;5;124;03m    submit the query and return the results as a TAPResults instance[39;00m
[1;32m   1106[0m 
[0;32m   (...)[0m
[1;32m   1115[0m [38;5;124;03m       for errors parsing the VOTable response[39;00m
[1;32m   1116[0m [38;5;124;03m    """[39;00m
[0;32m-> 1117[0m     [38;5;28;01mreturn[39;00m TAPResults([38;5;28;43mself[39;49m[38;5;241;43m.[39;49m[43mexecute_votable[49m[43m([49m[43m)[49m, url[38;5;241m=[39m[38;5;28mself[39m[38;5;241m.[39mqueryurl, session[38;5;241m=[39m[38;5;28mself[39m[38;5;241m.[39m_session)

File [0;32m~/work/irsa-tutorials/irsa-tutorials/.tox/py311-buildhtml/lib/python3.11/site-packages/pyvo/dal/query.py:247[0m, in [0;36mDALQuery.execute_votable[0;34m(self, post)[0m
[1;32m    245[0m [38;5;28;01mexcept[39;00m [38;5;167;01mException[39;00m [38;5;28;01mas[39;00m e:
[1;32m    246[0m     [38;5;28mself[39m[38;5;241m.[39mraise_if_error()
[0;32m--> 247[0m     [38;5;28;01mraise[39;00m DALFormatError(e, [38;5;28mself[39m[38;5;241m.[39mqueryurl)

[0;31mDALFormatError[0m: ConnectionError: ('Connection aborted.', RemoteDisconnected('Remote end closed connection without response'))

